{"uuid":"3fd7309c-ee61-4144-bc3f-cc6ce6e9eae9","historyId":"2e1e37b95f2f476e60537f012d97ebe1","testCaseId":"[engine:junit-jupiter]/[class:org.example.seleniumxpathselector.MainPageTest]/[method:addAndEditLastWebTableRecord()]","testCaseName":"addAndEditLastWebTableRecord()","fullName":"org.example.seleniumxpathselector.MainPageTest.addAndEditLastWebTableRecord","labels":[{"name":"junit.platform.uniqueid","value":"[engine:junit-jupiter]/[class:org.example.seleniumxpathselector.MainPageTest]/[method:addAndEditLastWebTableRecord()]"},{"name":"host","value":"Umuts-Air.home"},{"name":"thread","value":"46774@Umuts-Air.home.main(1)"},{"name":"framework","value":"junit-platform"},{"name":"language","value":"java"},{"name":"package","value":"org.example.seleniumxpathselector.MainPageTest"},{"name":"testClass","value":"org.example.seleniumxpathselector.MainPageTest"},{"name":"testMethod","value":"addAndEditLastWebTableRecord"},{"name":"suite","value":"org.example.seleniumxpathselector.MainPageTest"}],"links":[],"name":"addAndEditLastWebTableRecord()","status":"failed","statusDetails":{"known":false,"muted":false,"flaky":false,"message":"Invalid element state [By.xpath: //span[@title='Edit']:last]: element click intercepted: Element <span class=\"mr-2\" data-toggle=\"tooltip\" title=\"Edit\" id=\"edit-record-4\">...</span> is not clickable at point (864, 705). Other element would receive the click: <iframe frameborder=\"0\" src=\"https://fc62fe13a7db1e5beaf4e8bfb8290e9f.safeframe.googlesyndication.com/safeframe/1-0-40/html/container.html\" id=\"google_ads_iframe_/21849154601,22343295815/Ad.Plus-Anchor_0\" title=\"3rd party ad content\" name=\"\" scrolling=\"no\" marginwidth=\"0\" marginheight=\"0\" width=\"728\" height=\"90\" data-is-safeframe=\"true\" sandbox=\"allow-forms allow-popups allow-popups-to-escape-sandbox allow-same-origin allow-scripts allow-top-navigation-by-user-activation\" aria-label=\"Advertisement\" tabindex=\"0\" data-google-container-id=\"1\" style=\"border: 0px; vertical-align: bottom;\" data-load-complete=\"true\"></iframe>\nScreenshot: file:/Users/umutkorkmaz/Documents/courses/robot_dreams/Test%20Otomasyon%20Eğitimi/test-automation-course-repo/SeleniumXpathSelector/build/reports/tests/1709497947470.1.png\nPage source: file:/Users/umutkorkmaz/Documents/courses/robot_dreams/Test%20Otomasyon%20Eğitimi/test-automation-course-repo/SeleniumXpathSelector/build/reports/tests/1709497947470.1.html\nTimeout: 4 s.\nCaused by: ElementClickInterceptedException: element click intercepted: Element <span class=\"mr-2\" data-toggle=\"tooltip\" title=\"Edit\" id=\"edit-record-4\">...</span> is not clickable at point (864, 705). Other element would receive the click: <iframe frameborder=\"0\" src=\"https://fc62fe13a7db1e5beaf4e8bfb8290e9f.safeframe.googlesyndication.com/safeframe/1-0-40/html/container.html\" id=\"google_ads_iframe_/21849154601,22343295815/Ad.Plus-Anchor_0\" title=\"3rd party ad content\" name=\"\" scrolling=\"no\" marginwidth=\"0\" marginheight=\"0\" width=\"728\" height=\"90\" data-is-safeframe=\"true\" sandbox=\"allow-forms allow-popups allow-popups-to-escape-sandbox allow-same-origin allow-scripts allow-top-navigation-by-user-activation\" aria-label=\"Advertisement\" tabindex=\"0\" data-google-container-id=\"1\" style=\"border: 0px; vertical-align: bottom;\" data-load-complete=\"true\"></iframe>","trace":"Invalid element state [By.xpath: //span[@title='Edit']:last]: element click intercepted: Element <span class=\"mr-2\" data-toggle=\"tooltip\" title=\"Edit\" id=\"edit-record-4\">...</span> is not clickable at point (864, 705). Other element would receive the click: <iframe frameborder=\"0\" src=\"https://fc62fe13a7db1e5beaf4e8bfb8290e9f.safeframe.googlesyndication.com/safeframe/1-0-40/html/container.html\" id=\"google_ads_iframe_/21849154601,22343295815/Ad.Plus-Anchor_0\" title=\"3rd party ad content\" name=\"\" scrolling=\"no\" marginwidth=\"0\" marginheight=\"0\" width=\"728\" height=\"90\" data-is-safeframe=\"true\" sandbox=\"allow-forms allow-popups allow-popups-to-escape-sandbox allow-same-origin allow-scripts allow-top-navigation-by-user-activation\" aria-label=\"Advertisement\" tabindex=\"0\" data-google-container-id=\"1\" style=\"border: 0px; vertical-align: bottom;\" data-load-complete=\"true\"></iframe>\nScreenshot: file:/Users/umutkorkmaz/Documents/courses/robot_dreams/Test%20Otomasyon%20Eğitimi/test-automation-course-repo/SeleniumXpathSelector/build/reports/tests/1709497947470.1.png\nPage source: file:/Users/umutkorkmaz/Documents/courses/robot_dreams/Test%20Otomasyon%20Eğitimi/test-automation-course-repo/SeleniumXpathSelector/build/reports/tests/1709497947470.1.html\nTimeout: 4 s.\nCaused by: ElementClickInterceptedException: element click intercepted: Element <span class=\"mr-2\" data-toggle=\"tooltip\" title=\"Edit\" id=\"edit-record-4\">...</span> is not clickable at point (864, 705). Other element would receive the click: <iframe frameborder=\"0\" src=\"https://fc62fe13a7db1e5beaf4e8bfb8290e9f.safeframe.googlesyndication.com/safeframe/1-0-40/html/container.html\" id=\"google_ads_iframe_/21849154601,22343295815/Ad.Plus-Anchor_0\" title=\"3rd party ad content\" name=\"\" scrolling=\"no\" marginwidth=\"0\" marginheight=\"0\" width=\"728\" height=\"90\" data-is-safeframe=\"true\" sandbox=\"allow-forms allow-popups allow-popups-to-escape-sandbox allow-same-origin allow-scripts allow-top-navigation-by-user-activation\" aria-label=\"Advertisement\" tabindex=\"0\" data-google-container-id=\"1\" style=\"border: 0px; vertical-align: bottom;\" data-load-complete=\"true\"></iframe>\n\tat com.codeborne.selenide.impl.ExceptionWrapper.wrap(ExceptionWrapper.java:26)\n\tat com.codeborne.selenide.impl.SelenideElementProxy.dispatchAndRetry(SelenideElementProxy.java:154)\n\tat com.codeborne.selenide.impl.SelenideElementProxy.invoke(SelenideElementProxy.java:84)\n\tat jdk.proxy2/jdk.proxy2.$Proxy14.click(Unknown Source)\n\tat org.example.seleniumxpathselector.MainPageTest.addAndEditLastWebTableRecord(MainPageTest.java:57)\n\tat java.base/jdk.internal.reflect.DirectMethodHandleAccessor.invoke(DirectMethodHandleAccessor.java:103)\n\tat java.base/java.lang.reflect.Method.invoke(Method.java:580)\n\tat org.junit.platform.commons.util.ReflectionUtils.invokeMethod(ReflectionUtils.java:728)\n\tat org.junit.jupiter.engine.execution.MethodInvocation.proceed(MethodInvocation.java:60)\n\tat org.junit.jupiter.engine.execution.InvocationInterceptorChain$ValidatingInvocation.proceed(InvocationInterceptorChain.java:131)\n\tat org.junit.jupiter.engine.extension.TimeoutExtension.intercept(TimeoutExtension.java:156)\n\tat org.junit.jupiter.engine.extension.TimeoutExtension.interceptTestableMethod(TimeoutExtension.java:147)\n\tat org.junit.jupiter.engine.extension.TimeoutExtension.interceptTestMethod(TimeoutExtension.java:86)\n\tat org.junit.jupiter.engine.execution.InterceptingExecutableInvoker$ReflectiveInterceptorCall.lambda$ofVoidMethod$0(InterceptingExecutableInvoker.java:103)\n\tat org.junit.jupiter.engine.execution.InterceptingExecutableInvoker.lambda$invoke$0(InterceptingExecutableInvoker.java:93)\n\tat org.junit.jupiter.engine.execution.InvocationInterceptorChain$InterceptedInvocation.proceed(InvocationInterceptorChain.java:106)\n\tat org.junit.jupiter.engine.execution.InvocationInterceptorChain.proceed(InvocationInterceptorChain.java:64)\n\tat org.junit.jupiter.engine.execution.InvocationInterceptorChain.chainAndInvoke(InvocationInterceptorChain.java:45)\n\tat org.junit.jupiter.engine.execution.InvocationInterceptorChain.invoke(InvocationInterceptorChain.java:37)\n\tat org.junit.jupiter.engine.execution.InterceptingExecutableInvoker.invoke(InterceptingExecutableInvoker.java:92)\n\tat org.junit.jupiter.engine.execution.InterceptingExecutableInvoker.invoke(InterceptingExecutableInvoker.java:86)\n\tat org.junit.jupiter.engine.descriptor.TestMethodTestDescriptor.lambda$invokeTestMethod$7(TestMethodTestDescriptor.java:218)\n\tat org.junit.platform.engine.support.hierarchical.ThrowableCollector.execute(ThrowableCollector.java:73)\n\tat org.junit.jupiter.engine.descriptor.TestMethodTestDescriptor.invokeTestMethod(TestMethodTestDescriptor.java:214)\n\tat org.junit.jupiter.engine.descriptor.TestMethodTestDescriptor.execute(TestMethodTestDescriptor.java:139)\n\tat org.junit.jupiter.engine.descriptor.TestMethodTestDescriptor.execute(TestMethodTestDescriptor.java:69)\n\tat org.junit.platform.engine.support.hierarchical.NodeTestTask.lambda$executeRecursively$6(NodeTestTask.java:151)\n\tat org.junit.platform.engine.support.hierarchical.ThrowableCollector.execute(ThrowableCollector.java:73)\n\tat org.junit.platform.engine.support.hierarchical.NodeTestTask.lambda$executeRecursively$8(NodeTestTask.java:141)\n\tat org.junit.platform.engine.support.hierarchical.Node.around(Node.java:137)\n\tat org.junit.platform.engine.support.hierarchical.NodeTestTask.lambda$executeRecursively$9(NodeTestTask.java:139)\n\tat org.junit.platform.engine.support.hierarchical.ThrowableCollector.execute(ThrowableCollector.java:73)\n\tat org.junit.platform.engine.support.hierarchical.NodeTestTask.executeRecursively(NodeTestTask.java:138)\n\tat org.junit.platform.engine.support.hierarchical.NodeTestTask.execute(NodeTestTask.java:95)\n\tat java.base/java.util.ArrayList.forEach(ArrayList.java:1596)\n\tat org.junit.platform.engine.support.hierarchical.SameThreadHierarchicalTestExecutorService.invokeAll(SameThreadHierarchicalTestExecutorService.java:41)\n\tat org.junit.platform.engine.support.hierarchical.NodeTestTask.lambda$executeRecursively$6(NodeTestTask.java:155)\n\tat org.junit.platform.engine.support.hierarchical.ThrowableCollector.execute(ThrowableCollector.java:73)\n\tat org.junit.platform.engine.support.hierarchical.NodeTestTask.lambda$executeRecursively$8(NodeTestTask.java:141)\n\tat org.junit.platform.engine.support.hierarchical.Node.around(Node.java:137)\n\tat org.junit.platform.engine.support.hierarchical.NodeTestTask.lambda$executeRecursively$9(NodeTestTask.java:139)\n\tat org.junit.platform.engine.support.hierarchical.ThrowableCollector.execute(ThrowableCollector.java:73)\n\tat org.junit.platform.engine.support.hierarchical.NodeTestTask.executeRecursively(NodeTestTask.java:138)\n\tat org.junit.platform.engine.support.hierarchical.NodeTestTask.execute(NodeTestTask.java:95)\n\tat java.base/java.util.ArrayList.forEach(ArrayList.java:1596)\n\tat org.junit.platform.engine.support.hierarchical.SameThreadHierarchicalTestExecutorService.invokeAll(SameThreadHierarchicalTestExecutorService.java:41)\n\tat org.junit.platform.engine.support.hierarchical.NodeTestTask.lambda$executeRecursively$6(NodeTestTask.java:155)\n\tat org.junit.platform.engine.support.hierarchical.ThrowableCollector.execute(ThrowableCollector.java:73)\n\tat org.junit.platform.engine.support.hierarchical.NodeTestTask.lambda$executeRecursively$8(NodeTestTask.java:141)\n\tat org.junit.platform.engine.support.hierarchical.Node.around(Node.java:137)\n\tat org.junit.platform.engine.support.hierarchical.NodeTestTask.lambda$executeRecursively$9(NodeTestTask.java:139)\n\tat org.junit.platform.engine.support.hierarchical.ThrowableCollector.execute(ThrowableCollector.java:73)\n\tat org.junit.platform.engine.support.hierarchical.NodeTestTask.executeRecursively(NodeTestTask.java:138)\n\tat org.junit.platform.engine.support.hierarchical.NodeTestTask.execute(NodeTestTask.java:95)\n\tat org.junit.platform.engine.support.hierarchical.SameThreadHierarchicalTestExecutorService.submit(SameThreadHierarchicalTestExecutorService.java:35)\n\tat org.junit.platform.engine.support.hierarchical.HierarchicalTestExecutor.execute(HierarchicalTestExecutor.java:57)\n\tat org.junit.platform.engine.support.hierarchical.HierarchicalTestEngine.execute(HierarchicalTestEngine.java:54)\n\tat org.junit.platform.launcher.core.EngineExecutionOrchestrator.execute(EngineExecutionOrchestrator.java:147)\n\tat org.junit.platform.launcher.core.EngineExecutionOrchestrator.execute(EngineExecutionOrchestrator.java:127)\n\tat org.junit.platform.launcher.core.EngineExecutionOrchestrator.execute(EngineExecutionOrchestrator.java:90)\n\tat org.junit.platform.launcher.core.EngineExecutionOrchestrator.lambda$execute$0(EngineExecutionOrchestrator.java:55)\n\tat org.junit.platform.launcher.core.EngineExecutionOrchestrator.withInterceptedStreams(EngineExecutionOrchestrator.java:102)\n\tat org.junit.platform.launcher.core.EngineExecutionOrchestrator.execute(EngineExecutionOrchestrator.java:54)\n\tat org.junit.platform.launcher.core.DefaultLauncher.execute(DefaultLauncher.java:114)\n\tat org.junit.platform.launcher.core.DefaultLauncher.execute(DefaultLauncher.java:86)\n\tat org.junit.platform.launcher.core.DefaultLauncherSession$DelegatingLauncher.execute(DefaultLauncherSession.java:86)\n\tat org.junit.platform.launcher.core.SessionPerRequestLauncher.execute(SessionPerRequestLauncher.java:53)\n\tat com.intellij.junit5.JUnit5IdeaTestRunner.startRunnerWithArgs(JUnit5IdeaTestRunner.java:57)\n\tat com.intellij.rt.junit.IdeaTestRunner$Repeater$1.execute(IdeaTestRunner.java:38)\n\tat com.intellij.rt.execution.junit.TestsRepeater.repeat(TestsRepeater.java:11)\n\tat com.intellij.rt.junit.IdeaTestRunner$Repeater.startRunnerWithArgs(IdeaTestRunner.java:35)\n\tat com.intellij.rt.junit.JUnitStarter.prepareStreamsAndStart(JUnitStarter.java:232)\n\tat com.intellij.rt.junit.JUnitStarter.main(JUnitStarter.java:55)\nCaused by: org.openqa.selenium.ElementClickInterceptedException: element click intercepted: Element <span class=\"mr-2\" data-toggle=\"tooltip\" title=\"Edit\" id=\"edit-record-4\">...</span> is not clickable at point (864, 705). Other element would receive the click: <iframe frameborder=\"0\" src=\"https://fc62fe13a7db1e5beaf4e8bfb8290e9f.safeframe.googlesyndication.com/safeframe/1-0-40/html/container.html\" id=\"google_ads_iframe_/21849154601,22343295815/Ad.Plus-Anchor_0\" title=\"3rd party ad content\" name=\"\" scrolling=\"no\" marginwidth=\"0\" marginheight=\"0\" width=\"728\" height=\"90\" data-is-safeframe=\"true\" sandbox=\"allow-forms allow-popups allow-popups-to-escape-sandbox allow-same-origin allow-scripts allow-top-navigation-by-user-activation\" aria-label=\"Advertisement\" tabindex=\"0\" data-google-container-id=\"1\" style=\"border: 0px; vertical-align: bottom;\" data-load-complete=\"true\"></iframe>\n  (Session info: chrome=122.0.6261.94)\nBuild info: version: '4.13.0', revision: 'ba948ece5b*'\nSystem info: os.name: 'Mac OS X', os.arch: 'aarch64', os.version: '14.3.1', java.version: '21.0.2'\nDriver info: org.openqa.selenium.chrome.ChromeDriver\nCommand: [179a4c61b2c224fa4b5dbcc6436d33e7, clickElement {id=f.56B88216D1282A35C9A3535117E31314.d.3EF5D4DC948BCD58A2DD0C360C39E220.e.97}]\nCapabilities {acceptInsecureCerts: true, browserName: chrome, browserVersion: 122.0.6261.94, chrome: {chromedriverVersion: 122.0.6261.94 (880dbf29479c..., userDataDir: /var/folders/xd/9f8ns46s7v5...}, fedcm:accounts: true, goog:chromeOptions: {debuggerAddress: localhost:50008}, networkConnectionEnabled: false, pageLoadStrategy: normal, platformName: mac, proxy: Proxy(), se:cdp: ws://localhost:50008/devtoo..., se:cdpVersion: 122.0.6261.94, setWindowRect: true, strictFileInteractability: false, timeouts: {implicit: 0, pageLoad: 300000, script: 30000}, unhandledPromptBehavior: accept, webauthn:extension:credBlob: true, webauthn:extension:largeBlob: true, webauthn:extension:minPinLength: true, webauthn:extension:prf: true, webauthn:virtualAuthenticators: true}\nElement: [[ChromeDriver: chrome on mac (179a4c61b2c224fa4b5dbcc6436d33e7)] -> xpath: //span[@title='Edit']]\nSession ID: 179a4c61b2c224fa4b5dbcc6436d33e7\n\tat java.base/jdk.internal.reflect.DirectConstructorHandleAccessor.newInstance(DirectConstructorHandleAccessor.java:62)\n\tat java.base/java.lang.reflect.Constructor.newInstanceWithCaller(Constructor.java:502)\n\tat java.base/java.lang.reflect.Constructor.newInstance(Constructor.java:486)\n\tat org.openqa.selenium.remote.codec.w3c.W3CHttpResponseCodec.createException(W3CHttpResponseCodec.java:200)\n\tat org.openqa.selenium.remote.codec.w3c.W3CHttpResponseCodec.decode(W3CHttpResponseCodec.java:133)\n\tat org.openqa.selenium.remote.codec.w3c.W3CHttpResponseCodec.decode(W3CHttpResponseCodec.java:52)\n\tat org.openqa.selenium.remote.HttpCommandExecutor.execute(HttpCommandExecutor.java:191)\n\tat org.openqa.selenium.remote.service.DriverCommandExecutor.invokeExecute(DriverCommandExecutor.java:196)\n\tat org.openqa.selenium.remote.service.DriverCommandExecutor.execute(DriverCommandExecutor.java:171)\n\tat org.openqa.selenium.remote.RemoteWebDriver.execute(RemoteWebDriver.java:602)\n\tat org.openqa.selenium.remote.RemoteWebElement.execute(RemoteWebElement.java:224)\n\tat org.openqa.selenium.remote.RemoteWebElement.click(RemoteWebElement.java:77)\n\tat com.codeborne.selenide.commands.Click.defaultClick(Click.java:97)\n\tat com.codeborne.selenide.commands.Click.click(Click.java:54)\n\tat com.codeborne.selenide.commands.Click.execute(Click.java:31)\n\tat com.codeborne.selenide.commands.Click.execute(Click.java:21)\n\tat com.codeborne.selenide.commands.Commands.execute(Commands.java:165)\n\tat com.codeborne.selenide.impl.SelenideElementProxy.dispatchAndRetry(SelenideElementProxy.java:132)\n\t... 71 more\n"},"stage":"finished","description":"","steps":[{"name":"$(\"open\") https://demoqa.com/webtables","status":"passed","stage":"finished","steps":[],"attachments":[],"parameters":[],"start":1709497941412,"stop":1709497942206},{"name":"$(\"By.xpath: //button[@id='addNewRecordButton']\") click()","status":"passed","stage":"finished","steps":[],"attachments":[],"parameters":[],"start":1709497942206,"stop":1709497942292},{"name":"$(\"By.xpath: //input[@id='firstName']\") set value(Umut)","status":"passed","stage":"finished","steps":[],"attachments":[],"parameters":[],"start":1709497942292,"stop":1709497942557},{"name":"$(\"By.xpath: //input[@id='lastName']\") set value(Korkmaz)","status":"passed","stage":"finished","steps":[],"attachments":[],"parameters":[],"start":1709497942557,"stop":1709497942686},{"name":"$(\"By.xpath: //input[@id='userEmail']\") set value(umutkorkmaz@outlook.com.tr)","status":"passed","stage":"finished","steps":[],"attachments":[],"parameters":[],"start":1709497942686,"stop":1709497942828},{"name":"$(\"By.xpath: //input[@id='age']\") set value(30)","status":"passed","stage":"finished","steps":[],"attachments":[],"parameters":[],"start":1709497942829,"stop":1709497942911},{"name":"$(\"By.xpath: //input[@id='salary']\") set value(5000)","status":"passed","stage":"finished","steps":[],"attachments":[],"parameters":[],"start":1709497942912,"stop":1709497943031},{"name":"$(\"By.xpath: //input[@id='department']\") set value(IT)","status":"passed","stage":"finished","steps":[],"attachments":[],"parameters":[],"start":1709497943032,"stop":1709497943187},{"name":"$(\"By.xpath: //button[@id='submit']\") click()","status":"passed","stage":"finished","steps":[],"attachments":[],"parameters":[],"start":1709497943187,"stop":1709497943256},{"name":"$(\"By.xpath: //span[@title='Edit']:last\") click()","status":"failed","statusDetails":{"known":false,"muted":false,"flaky":false,"message":"Invalid element state [By.xpath: //span[@title='Edit']:last]: element click intercepted: Element <span class=\"mr-2\" data-toggle=\"tooltip\" title=\"Edit\" id=\"edit-record-4\">...</span> is not clickable at point (864, 705). Other element would receive the click: <iframe frameborder=\"0\" src=\"https://fc62fe13a7db1e5beaf4e8bfb8290e9f.safeframe.googlesyndication.com/safeframe/1-0-40/html/container.html\" id=\"google_ads_iframe_/21849154601,22343295815/Ad.Plus-Anchor_0\" title=\"3rd party ad content\" name=\"\" scrolling=\"no\" marginwidth=\"0\" marginheight=\"0\" width=\"728\" height=\"90\" data-is-safeframe=\"true\" sandbox=\"allow-forms allow-popups allow-popups-to-escape-sandbox allow-same-origin allow-scripts allow-top-navigation-by-user-activation\" aria-label=\"Advertisement\" tabindex=\"0\" data-google-container-id=\"1\" style=\"border: 0px; vertical-align: bottom;\" data-load-complete=\"true\"></iframe>\nScreenshot: file:/Users/umutkorkmaz/Documents/courses/robot_dreams/Test%20Otomasyon%20Eğitimi/test-automation-course-repo/SeleniumXpathSelector/build/reports/tests/1709497947470.1.png\nPage source: file:/Users/umutkorkmaz/Documents/courses/robot_dreams/Test%20Otomasyon%20Eğitimi/test-automation-course-repo/SeleniumXpathSelector/build/reports/tests/1709497947470.1.html\nTimeout: 4 s.\nCaused by: ElementClickInterceptedException: element click intercepted: Element <span class=\"mr-2\" data-toggle=\"tooltip\" title=\"Edit\" id=\"edit-record-4\">...</span> is not clickable at point (864, 705). Other element would receive the click: <iframe frameborder=\"0\" src=\"https://fc62fe13a7db1e5beaf4e8bfb8290e9f.safeframe.googlesyndication.com/safeframe/1-0-40/html/container.html\" id=\"google_ads_iframe_/21849154601,22343295815/Ad.Plus-Anchor_0\" title=\"3rd party ad content\" name=\"\" scrolling=\"no\" marginwidth=\"0\" marginheight=\"0\" width=\"728\" height=\"90\" data-is-safeframe=\"true\" sandbox=\"allow-forms allow-popups allow-popups-to-escape-sandbox allow-same-origin allow-scripts allow-top-navigation-by-user-activation\" aria-label=\"Advertisement\" tabindex=\"0\" data-google-container-id=\"1\" style=\"border: 0px; vertical-align: bottom;\" data-load-complete=\"true\"></iframe>","trace":"Invalid element state [By.xpath: //span[@title='Edit']:last]: element click intercepted: Element <span class=\"mr-2\" data-toggle=\"tooltip\" title=\"Edit\" id=\"edit-record-4\">...</span> is not clickable at point (864, 705). Other element would receive the click: <iframe frameborder=\"0\" src=\"https://fc62fe13a7db1e5beaf4e8bfb8290e9f.safeframe.googlesyndication.com/safeframe/1-0-40/html/container.html\" id=\"google_ads_iframe_/21849154601,22343295815/Ad.Plus-Anchor_0\" title=\"3rd party ad content\" name=\"\" scrolling=\"no\" marginwidth=\"0\" marginheight=\"0\" width=\"728\" height=\"90\" data-is-safeframe=\"true\" sandbox=\"allow-forms allow-popups allow-popups-to-escape-sandbox allow-same-origin allow-scripts allow-top-navigation-by-user-activation\" aria-label=\"Advertisement\" tabindex=\"0\" data-google-container-id=\"1\" style=\"border: 0px; vertical-align: bottom;\" data-load-complete=\"true\"></iframe>\nScreenshot: file:/Users/umutkorkmaz/Documents/courses/robot_dreams/Test%20Otomasyon%20Eğitimi/test-automation-course-repo/SeleniumXpathSelector/build/reports/tests/1709497947470.1.png\nPage source: file:/Users/umutkorkmaz/Documents/courses/robot_dreams/Test%20Otomasyon%20Eğitimi/test-automation-course-repo/SeleniumXpathSelector/build/reports/tests/1709497947470.1.html\nTimeout: 4 s.\nCaused by: ElementClickInterceptedException: element click intercepted: Element <span class=\"mr-2\" data-toggle=\"tooltip\" title=\"Edit\" id=\"edit-record-4\">...</span> is not clickable at point (864, 705). Other element would receive the click: <iframe frameborder=\"0\" src=\"https://fc62fe13a7db1e5beaf4e8bfb8290e9f.safeframe.googlesyndication.com/safeframe/1-0-40/html/container.html\" id=\"google_ads_iframe_/21849154601,22343295815/Ad.Plus-Anchor_0\" title=\"3rd party ad content\" name=\"\" scrolling=\"no\" marginwidth=\"0\" marginheight=\"0\" width=\"728\" height=\"90\" data-is-safeframe=\"true\" sandbox=\"allow-forms allow-popups allow-popups-to-escape-sandbox allow-same-origin allow-scripts allow-top-navigation-by-user-activation\" aria-label=\"Advertisement\" tabindex=\"0\" data-google-container-id=\"1\" style=\"border: 0px; vertical-align: bottom;\" data-load-complete=\"true\"></iframe>\n\tat com.codeborne.selenide.impl.ExceptionWrapper.wrap(ExceptionWrapper.java:26)\n\tat com.codeborne.selenide.impl.SelenideElementProxy.dispatchAndRetry(SelenideElementProxy.java:154)\n\tat com.codeborne.selenide.impl.SelenideElementProxy.invoke(SelenideElementProxy.java:84)\n\tat jdk.proxy2/jdk.proxy2.$Proxy14.click(Unknown Source)\n\tat org.example.seleniumxpathselector.MainPageTest.addAndEditLastWebTableRecord(MainPageTest.java:57)\n\tat java.base/jdk.internal.reflect.DirectMethodHandleAccessor.invoke(DirectMethodHandleAccessor.java:103)\n\tat java.base/java.lang.reflect.Method.invoke(Method.java:580)\n\tat org.junit.platform.commons.util.ReflectionUtils.invokeMethod(ReflectionUtils.java:728)\n\tat org.junit.jupiter.engine.execution.MethodInvocation.proceed(MethodInvocation.java:60)\n\tat org.junit.jupiter.engine.execution.InvocationInterceptorChain$ValidatingInvocation.proceed(InvocationInterceptorChain.java:131)\n\tat org.junit.jupiter.engine.extension.TimeoutExtension.intercept(TimeoutExtension.java:156)\n\tat org.junit.jupiter.engine.extension.TimeoutExtension.interceptTestableMethod(TimeoutExtension.java:147)\n\tat org.junit.jupiter.engine.extension.TimeoutExtension.interceptTestMethod(TimeoutExtension.java:86)\n\tat org.junit.jupiter.engine.execution.InterceptingExecutableInvoker$ReflectiveInterceptorCall.lambda$ofVoidMethod$0(InterceptingExecutableInvoker.java:103)\n\tat org.junit.jupiter.engine.execution.InterceptingExecutableInvoker.lambda$invoke$0(InterceptingExecutableInvoker.java:93)\n\tat org.junit.jupiter.engine.execution.InvocationInterceptorChain$InterceptedInvocation.proceed(InvocationInterceptorChain.java:106)\n\tat org.junit.jupiter.engine.execution.InvocationInterceptorChain.proceed(InvocationInterceptorChain.java:64)\n\tat org.junit.jupiter.engine.execution.InvocationInterceptorChain.chainAndInvoke(InvocationInterceptorChain.java:45)\n\tat org.junit.jupiter.engine.execution.InvocationInterceptorChain.invoke(InvocationInterceptorChain.java:37)\n\tat org.junit.jupiter.engine.execution.InterceptingExecutableInvoker.invoke(InterceptingExecutableInvoker.java:92)\n\tat org.junit.jupiter.engine.execution.InterceptingExecutableInvoker.invoke(InterceptingExecutableInvoker.java:86)\n\tat org.junit.jupiter.engine.descriptor.TestMethodTestDescriptor.lambda$invokeTestMethod$7(TestMethodTestDescriptor.java:218)\n\tat org.junit.platform.engine.support.hierarchical.ThrowableCollector.execute(ThrowableCollector.java:73)\n\tat org.junit.jupiter.engine.descriptor.TestMethodTestDescriptor.invokeTestMethod(TestMethodTestDescriptor.java:214)\n\tat org.junit.jupiter.engine.descriptor.TestMethodTestDescriptor.execute(TestMethodTestDescriptor.java:139)\n\tat org.junit.jupiter.engine.descriptor.TestMethodTestDescriptor.execute(TestMethodTestDescriptor.java:69)\n\tat org.junit.platform.engine.support.hierarchical.NodeTestTask.lambda$executeRecursively$6(NodeTestTask.java:151)\n\tat org.junit.platform.engine.support.hierarchical.ThrowableCollector.execute(ThrowableCollector.java:73)\n\tat org.junit.platform.engine.support.hierarchical.NodeTestTask.lambda$executeRecursively$8(NodeTestTask.java:141)\n\tat org.junit.platform.engine.support.hierarchical.Node.around(Node.java:137)\n\tat org.junit.platform.engine.support.hierarchical.NodeTestTask.lambda$executeRecursively$9(NodeTestTask.java:139)\n\tat org.junit.platform.engine.support.hierarchical.ThrowableCollector.execute(ThrowableCollector.java:73)\n\tat org.junit.platform.engine.support.hierarchical.NodeTestTask.executeRecursively(NodeTestTask.java:138)\n\tat org.junit.platform.engine.support.hierarchical.NodeTestTask.execute(NodeTestTask.java:95)\n\tat java.base/java.util.ArrayList.forEach(ArrayList.java:1596)\n\tat org.junit.platform.engine.support.hierarchical.SameThreadHierarchicalTestExecutorService.invokeAll(SameThreadHierarchicalTestExecutorService.java:41)\n\tat org.junit.platform.engine.support.hierarchical.NodeTestTask.lambda$executeRecursively$6(NodeTestTask.java:155)\n\tat org.junit.platform.engine.support.hierarchical.ThrowableCollector.execute(ThrowableCollector.java:73)\n\tat org.junit.platform.engine.support.hierarchical.NodeTestTask.lambda$executeRecursively$8(NodeTestTask.java:141)\n\tat org.junit.platform.engine.support.hierarchical.Node.around(Node.java:137)\n\tat org.junit.platform.engine.support.hierarchical.NodeTestTask.lambda$executeRecursively$9(NodeTestTask.java:139)\n\tat org.junit.platform.engine.support.hierarchical.ThrowableCollector.execute(ThrowableCollector.java:73)\n\tat org.junit.platform.engine.support.hierarchical.NodeTestTask.executeRecursively(NodeTestTask.java:138)\n\tat org.junit.platform.engine.support.hierarchical.NodeTestTask.execute(NodeTestTask.java:95)\n\tat java.base/java.util.ArrayList.forEach(ArrayList.java:1596)\n\tat org.junit.platform.engine.support.hierarchical.SameThreadHierarchicalTestExecutorService.invokeAll(SameThreadHierarchicalTestExecutorService.java:41)\n\tat org.junit.platform.engine.support.hierarchical.NodeTestTask.lambda$executeRecursively$6(NodeTestTask.java:155)\n\tat org.junit.platform.engine.support.hierarchical.ThrowableCollector.execute(ThrowableCollector.java:73)\n\tat org.junit.platform.engine.support.hierarchical.NodeTestTask.lambda$executeRecursively$8(NodeTestTask.java:141)\n\tat org.junit.platform.engine.support.hierarchical.Node.around(Node.java:137)\n\tat org.junit.platform.engine.support.hierarchical.NodeTestTask.lambda$executeRecursively$9(NodeTestTask.java:139)\n\tat org.junit.platform.engine.support.hierarchical.ThrowableCollector.execute(ThrowableCollector.java:73)\n\tat org.junit.platform.engine.support.hierarchical.NodeTestTask.executeRecursively(NodeTestTask.java:138)\n\tat org.junit.platform.engine.support.hierarchical.NodeTestTask.execute(NodeTestTask.java:95)\n\tat org.junit.platform.engine.support.hierarchical.SameThreadHierarchicalTestExecutorService.submit(SameThreadHierarchicalTestExecutorService.java:35)\n\tat org.junit.platform.engine.support.hierarchical.HierarchicalTestExecutor.execute(HierarchicalTestExecutor.java:57)\n\tat org.junit.platform.engine.support.hierarchical.HierarchicalTestEngine.execute(HierarchicalTestEngine.java:54)\n\tat org.junit.platform.launcher.core.EngineExecutionOrchestrator.execute(EngineExecutionOrchestrator.java:147)\n\tat org.junit.platform.launcher.core.EngineExecutionOrchestrator.execute(EngineExecutionOrchestrator.java:127)\n\tat org.junit.platform.launcher.core.EngineExecutionOrchestrator.execute(EngineExecutionOrchestrator.java:90)\n\tat org.junit.platform.launcher.core.EngineExecutionOrchestrator.lambda$execute$0(EngineExecutionOrchestrator.java:55)\n\tat org.junit.platform.launcher.core.EngineExecutionOrchestrator.withInterceptedStreams(EngineExecutionOrchestrator.java:102)\n\tat org.junit.platform.launcher.core.EngineExecutionOrchestrator.execute(EngineExecutionOrchestrator.java:54)\n\tat org.junit.platform.launcher.core.DefaultLauncher.execute(DefaultLauncher.java:114)\n\tat org.junit.platform.launcher.core.DefaultLauncher.execute(DefaultLauncher.java:86)\n\tat org.junit.platform.launcher.core.DefaultLauncherSession$DelegatingLauncher.execute(DefaultLauncherSession.java:86)\n\tat org.junit.platform.launcher.core.SessionPerRequestLauncher.execute(SessionPerRequestLauncher.java:53)\n\tat com.intellij.junit5.JUnit5IdeaTestRunner.startRunnerWithArgs(JUnit5IdeaTestRunner.java:57)\n\tat com.intellij.rt.junit.IdeaTestRunner$Repeater$1.execute(IdeaTestRunner.java:38)\n\tat com.intellij.rt.execution.junit.TestsRepeater.repeat(TestsRepeater.java:11)\n\tat com.intellij.rt.junit.IdeaTestRunner$Repeater.startRunnerWithArgs(IdeaTestRunner.java:35)\n\tat com.intellij.rt.junit.JUnitStarter.prepareStreamsAndStart(JUnitStarter.java:232)\n\tat com.intellij.rt.junit.JUnitStarter.main(JUnitStarter.java:55)\nCaused by: org.openqa.selenium.ElementClickInterceptedException: element click intercepted: Element <span class=\"mr-2\" data-toggle=\"tooltip\" title=\"Edit\" id=\"edit-record-4\">...</span> is not clickable at point (864, 705). Other element would receive the click: <iframe frameborder=\"0\" src=\"https://fc62fe13a7db1e5beaf4e8bfb8290e9f.safeframe.googlesyndication.com/safeframe/1-0-40/html/container.html\" id=\"google_ads_iframe_/21849154601,22343295815/Ad.Plus-Anchor_0\" title=\"3rd party ad content\" name=\"\" scrolling=\"no\" marginwidth=\"0\" marginheight=\"0\" width=\"728\" height=\"90\" data-is-safeframe=\"true\" sandbox=\"allow-forms allow-popups allow-popups-to-escape-sandbox allow-same-origin allow-scripts allow-top-navigation-by-user-activation\" aria-label=\"Advertisement\" tabindex=\"0\" data-google-container-id=\"1\" style=\"border: 0px; vertical-align: bottom;\" data-load-complete=\"true\"></iframe>\n  (Session info: chrome=122.0.6261.94)\nBuild info: version: '4.13.0', revision: 'ba948ece5b*'\nSystem info: os.name: 'Mac OS X', os.arch: 'aarch64', os.version: '14.3.1', java.version: '21.0.2'\nDriver info: org.openqa.selenium.chrome.ChromeDriver\nCommand: [179a4c61b2c224fa4b5dbcc6436d33e7, clickElement {id=f.56B88216D1282A35C9A3535117E31314.d.3EF5D4DC948BCD58A2DD0C360C39E220.e.97}]\nCapabilities {acceptInsecureCerts: true, browserName: chrome, browserVersion: 122.0.6261.94, chrome: {chromedriverVersion: 122.0.6261.94 (880dbf29479c..., userDataDir: /var/folders/xd/9f8ns46s7v5...}, fedcm:accounts: true, goog:chromeOptions: {debuggerAddress: localhost:50008}, networkConnectionEnabled: false, pageLoadStrategy: normal, platformName: mac, proxy: Proxy(), se:cdp: ws://localhost:50008/devtoo..., se:cdpVersion: 122.0.6261.94, setWindowRect: true, strictFileInteractability: false, timeouts: {implicit: 0, pageLoad: 300000, script: 30000}, unhandledPromptBehavior: accept, webauthn:extension:credBlob: true, webauthn:extension:largeBlob: true, webauthn:extension:minPinLength: true, webauthn:extension:prf: true, webauthn:virtualAuthenticators: true}\nElement: [[ChromeDriver: chrome on mac (179a4c61b2c224fa4b5dbcc6436d33e7)] -> xpath: //span[@title='Edit']]\nSession ID: 179a4c61b2c224fa4b5dbcc6436d33e7\n\tat java.base/jdk.internal.reflect.DirectConstructorHandleAccessor.newInstance(DirectConstructorHandleAccessor.java:62)\n\tat java.base/java.lang.reflect.Constructor.newInstanceWithCaller(Constructor.java:502)\n\tat java.base/java.lang.reflect.Constructor.newInstance(Constructor.java:486)\n\tat org.openqa.selenium.remote.codec.w3c.W3CHttpResponseCodec.createException(W3CHttpResponseCodec.java:200)\n\tat org.openqa.selenium.remote.codec.w3c.W3CHttpResponseCodec.decode(W3CHttpResponseCodec.java:133)\n\tat org.openqa.selenium.remote.codec.w3c.W3CHttpResponseCodec.decode(W3CHttpResponseCodec.java:52)\n\tat org.openqa.selenium.remote.HttpCommandExecutor.execute(HttpCommandExecutor.java:191)\n\tat org.openqa.selenium.remote.service.DriverCommandExecutor.invokeExecute(DriverCommandExecutor.java:196)\n\tat org.openqa.selenium.remote.service.DriverCommandExecutor.execute(DriverCommandExecutor.java:171)\n\tat org.openqa.selenium.remote.RemoteWebDriver.execute(RemoteWebDriver.java:602)\n\tat org.openqa.selenium.remote.RemoteWebElement.execute(RemoteWebElement.java:224)\n\tat org.openqa.selenium.remote.RemoteWebElement.click(RemoteWebElement.java:77)\n\tat com.codeborne.selenide.commands.Click.defaultClick(Click.java:97)\n\tat com.codeborne.selenide.commands.Click.click(Click.java:54)\n\tat com.codeborne.selenide.commands.Click.execute(Click.java:31)\n\tat com.codeborne.selenide.commands.Click.execute(Click.java:21)\n\tat com.codeborne.selenide.commands.Commands.execute(Commands.java:165)\n\tat com.codeborne.selenide.impl.SelenideElementProxy.dispatchAndRetry(SelenideElementProxy.java:132)\n\t... 71 more\n"},"stage":"finished","steps":[],"attachments":[{"name":"Screenshot","source":"078f2a37-ef68-44af-96a1-d3c1839309db-attachment.png","type":"image/png"},{"name":"Page source","source":"abc9d19e-d60b-4aa9-92e6-0aed0db46439-attachment.html","type":"text/html"}],"parameters":[],"start":1709497943263,"stop":1709497948982}],"attachments":[],"parameters":[],"start":1709497941411,"stop":1709497948991}